TN:
SF:tailwind.config.ts
FNF:0
FNH:0
DA:3,0
DA:96,0
LF:2
LH:0
BRF:0
BRH:0
end_of_record
TN:
SF:db\execute-migrations.ts
FN:9,executeMigrations
FN:17,(anonymous_2)
FNF:2
FNH:0
FNDA:0,executeMigrations
FNDA:0,(anonymous_2)
DA:1,0
DA:2,0
DA:3,0
DA:4,0
DA:10,0
DA:12,0
DA:15,0
DA:16,0
DA:17,0
DA:20,0
DA:23,0
DA:24,0
DA:27,0
DA:28,0
DA:31,0
DA:33,0
DA:34,0
DA:35,0
DA:38,0
DA:41,0
DA:43,0
DA:44,0
DA:49,0
LF:23
LH:0
BRDA:33,0,0,0
BRF:1
BRH:0
end_of_record
TN:
SF:db\migrations\20250419000000_add_inventory_item_tags.ts
FN:8,(anonymous_1)
FN:65,(anonymous_2)
FNF:2
FNH:0
FNDA:0,(anonymous_1)
FNDA:0,(anonymous_2)
DA:1,0
DA:6,0
DA:10,0
DA:61,0
DA:62,0
DA:67,0
DA:77,0
DA:78,0
LF:8
LH:0
BRDA:61,0,0,0
BRDA:77,1,0,0
BRF:2
BRH:0
end_of_record
TN:
SF:db\migrations\20250419000001_add_inventory_item_images.ts
FN:8,(anonymous_1)
FN:87,(anonymous_2)
FNF:2
FNH:0
FNDA:0,(anonymous_1)
FNDA:0,(anonymous_2)
DA:1,0
DA:6,0
DA:10,0
DA:83,0
DA:84,0
DA:89,0
DA:100,0
DA:101,0
LF:8
LH:0
BRDA:83,0,0,0
BRDA:100,1,0,0
BRF:2
BRH:0
end_of_record
TN:
SF:lib\auth.ts
FN:18,login
FN:72,register
FN:143,logout
FN:166,requestPasswordReset
FN:183,updatePassword
FN:203,getUserProfile
FN:254,hasPermission
FN:263,getPermissionsForRole
FN:272,verifyToken
FNF:9
FNH:0
FNDA:0,login
FNDA:0,register
FNDA:0,logout
FNDA:0,requestPasswordReset
FNDA:0,updatePassword
FNDA:0,getUserProfile
FNDA:0,hasPermission
FNDA:0,getPermissionsForRole
FNDA:0,verifyToken
DA:11,0
DA:18,0
DA:19,0
DA:24,0
DA:25,0
DA:43,0
DA:56,0
DA:62,0
DA:63,0
DA:72,0
DA:73,0
DA:78,0
DA:79,0
DA:115,0
DA:128,0
DA:134,0
DA:135,0
DA:143,0
DA:144,0
DA:155,0
DA:157,0
DA:158,0
DA:166,0
DA:167,0
DA:172,0
DA:174,0
DA:175,0
DA:183,0
DA:184,0
DA:191,0
DA:193,0
DA:194,0
DA:203,0
DA:204,0
DA:230,0
DA:243,0
DA:244,0
DA:254,0
DA:255,0
DA:263,0
DA:264,0
DA:272,0
DA:273,0
DA:281,0
DA:283,0
DA:284,0
LF:46
LH:0
BRDA:24,0,0,0
BRDA:24,1,0,0
BRDA:24,1,1,0
BRDA:78,2,0,0
BRDA:78,3,0,0
BRDA:78,3,1,0
BRDA:78,3,2,0
BRDA:78,3,3,0
BRF:8
BRH:0
end_of_record
TN:
SF:lib\config.ts
FN:24,validateConfig
FN:31,(anonymous_7)
FN:32,(anonymous_8)
FNF:3
FNH:0
FNDA:0,validateConfig
FNDA:0,(anonymous_7)
FNDA:0,(anonymous_8)
DA:7,0
DA:24,0
DA:25,0
DA:30,0
DA:31,0
DA:32,0
DA:34,0
DA:35,0
DA:44,0
DA:49,0
DA:54,0
LF:11
LH:0
BRDA:9,0,0,0
BRDA:9,0,1,0
BRDA:10,1,0,0
BRDA:10,1,1,0
BRDA:11,2,0,0
BRDA:11,2,1,0
BRDA:14,3,0,0
BRDA:14,3,1,0
BRDA:15,4,0,0
BRDA:15,4,1,0
BRDA:16,5,0,0
BRDA:16,5,1,0
BRDA:17,6,0,0
BRDA:17,6,1,0
BRDA:34,7,0,0
BRF:15
BRH:0
end_of_record
TN:
SF:lib\db-init.ts
FN:7,initializeDatabase
FN:21,checkDatabaseHealth
FNF:2
FNH:0
FNDA:0,initializeDatabase
FNDA:0,checkDatabaseHealth
DA:1,0
DA:7,0
DA:8,0
DA:9,0
DA:10,0
DA:12,0
DA:13,0
DA:21,0
DA:22,0
DA:23,0
DA:24,0
DA:25,0
DA:27,0
DA:29,0
DA:31,0
DA:32,0
LF:16
LH:0
BRDA:24,0,0,0
BRDA:24,0,1,0
BRF:2
BRH:0
end_of_record
TN:
SF:lib\db-utils.ts
FN:19,fetchById
FN:21,(anonymous_12)
FN:52,fetchMany
FN:62,(anonymous_14)
FN:67,(anonymous_15)
FN:118,insert
FN:120,(anonymous_17)
FN:152,update
FN:154,(anonymous_19)
FN:186,remove
FN:188,(anonymous_21)
FN:217,executeCustomQuery
FN:221,(anonymous_23)
FN:244,isForeignKeyViolation
FN:253,isUniqueConstraintViolation
FN:262,isCheckConstraintViolation
FN:271,isNotNullViolation
FNF:17
FNH:0
FNDA:0,fetchById
FNDA:0,(anonymous_12)
FNDA:0,fetchMany
FNDA:0,(anonymous_14)
FNDA:0,(anonymous_15)
FNDA:0,insert
FNDA:0,(anonymous_17)
FNDA:0,update
FNDA:0,(anonymous_19)
FNDA:0,remove
FNDA:0,(anonymous_21)
FNDA:0,executeCustomQuery
FNDA:0,(anonymous_23)
FNDA:0,isForeignKeyViolation
FNDA:0,isUniqueConstraintViolation
FNDA:0,isCheckConstraintViolation
FNDA:0,isNotNullViolation
DA:2,0
DA:19,0
DA:20,0
DA:21,0
DA:22,0
DA:28,0
DA:29,0
DA:32,0
DA:38,0
DA:52,0
DA:61,0
DA:62,0
DA:63,0
DA:66,0
DA:67,0
DA:68,0
DA:73,0
DA:74,0
DA:81,0
DA:82,0
DA:85,0
DA:86,0
DA:92,0
DA:94,0
DA:95,0
DA:98,0
DA:104,0
DA:118,0
DA:119,0
DA:120,0
DA:121,0
DA:127,0
DA:128,0
DA:131,0
DA:137,0
DA:152,0
DA:153,0
DA:154,0
DA:155,0
DA:162,0
DA:163,0
DA:166,0
DA:172,0
DA:186,0
DA:187,0
DA:188,0
DA:189,0
DA:194,0
DA:195,0
DA:198,0
DA:204,0
DA:217,0
DA:220,0
DA:221,0
DA:222,0
DA:225,0
DA:231,0
DA:244,0
DA:245,0
DA:253,0
DA:254,0
DA:262,0
DA:263,0
DA:271,0
DA:272,0
LF:65
LH:0
BRDA:28,0,0,0
BRDA:40,1,0,0
BRDA:40,1,1,0
BRDA:54,2,0,0
BRDA:66,3,0,0
BRDA:73,4,0,0
BRDA:76,5,0,0
BRDA:76,5,1,0
BRDA:81,6,0,0
BRDA:85,7,0,0
BRDA:88,8,0,0
BRDA:88,8,1,0
BRDA:94,9,0,0
BRDA:106,10,0,0
BRDA:106,10,1,0
BRDA:127,11,0,0
BRDA:139,12,0,0
BRDA:139,12,1,0
BRDA:162,13,0,0
BRDA:174,14,0,0
BRDA:174,14,1,0
BRDA:194,15,0,0
BRDA:206,16,0,0
BRDA:206,16,1,0
BRDA:233,17,0,0
BRDA:233,17,1,0
BRF:26
BRH:0
end_of_record
TN:
SF:lib\supabase.ts
FN:31,(anonymous_5)
FN:119,(anonymous_6)
FN:121,(anonymous_7)
FN:36,(anonymous_8)
FN:47,(anonymous_9)
FN:62,(anonymous_10)
FN:75,(anonymous_11)
FN:99,(anonymous_12)
FN:142,(anonymous_13)
FN:149,(anonymous_14)
FN:156,(anonymous_15)
FN:164,(anonymous_16)
FN:188,(anonymous_17)
FN:203,(anonymous_18)
FN:220,(anonymous_19)
FNF:15
FNH:0
FNDA:0,(anonymous_5)
FNDA:0,(anonymous_6)
FNDA:0,(anonymous_7)
FNDA:0,(anonymous_8)
FNDA:0,(anonymous_9)
FNDA:0,(anonymous_10)
FNDA:0,(anonymous_11)
FNDA:0,(anonymous_12)
FNDA:0,(anonymous_13)
FNDA:0,(anonymous_14)
FNDA:0,(anonymous_15)
FNDA:0,(anonymous_16)
FNDA:0,(anonymous_17)
FNDA:0,(anonymous_18)
FNDA:0,(anonymous_19)
DA:1,0
DA:3,0
DA:8,0
DA:20,0
DA:21,0
DA:22,0
DA:23,0
DA:24,0
DA:25,0
DA:26,0
DA:37,0
DA:38,0
DA:40,0
DA:48,0
DA:49,0
DA:50,0
DA:51,0
DA:53,0
DA:54,0
DA:63,0
DA:64,0
DA:65,0
DA:66,0
DA:68,0
DA:76,0
DA:77,0
DA:88,0
DA:89,0
DA:92,0
DA:100,0
DA:118,0
DA:120,0
DA:121,0
DA:123,0
DA:124,0
DA:128,0
DA:130,0
DA:131,0
DA:133,0
DA:135,0
DA:143,0
DA:150,0
DA:157,0
DA:165,0
DA:166,0
DA:167,0
DA:169,0
DA:170,0
DA:171,0
DA:172,0
DA:175,0
DA:176,0
DA:178,0
DA:179,0
DA:180,0
DA:189,0
DA:190,0
DA:191,0
DA:192,0
DA:194,0
DA:207,0
DA:209,0
DA:210,0
DA:211,0
DA:212,0
DA:214,0
DA:215,0
DA:217,0
DA:219,0
DA:220,0
DA:223,0
DA:224,0
DA:231,0
DA:232,0
DA:237,0
DA:240,0
DA:243,0
LF:77
LH:0
BRDA:130,0,0,0
BRDA:130,1,0,0
BRDA:130,1,1,0
BRDA:37,2,0,0
BRDA:63,3,0,0
BRDA:76,4,0,0
BRDA:76,5,0,0
BRDA:76,5,1,0
BRDA:88,6,0,0
BRDA:169,7,0,0
BRDA:179,8,0,0
BRDA:179,8,1,0
BRDA:205,9,0,0
BRDA:217,10,0,0
BRDA:223,11,0,0
BRDA:231,12,0,0
BRDA:231,12,1,0
BRF:17
BRH:0
end_of_record
TN:
SF:lib\migrations\cli.ts
FN:17,(anonymous_2)
FN:26,(anonymous_3)
FN:68,(anonymous_4)
FN:92,(anonymous_5)
FN:116,(anonymous_6)
FN:132,(anonymous_7)
FN:156,(anonymous_8)
FN:164,(anonymous_9)
FN:168,(anonymous_10)
FN:191,(anonymous_11)
FN:191,(anonymous_12)
FN:207,(anonymous_13)
FN:270,(anonymous_14)
FNF:13
FNH:0
FNDA:0,(anonymous_2)
FNDA:0,(anonymous_3)
FNDA:0,(anonymous_4)
FNDA:0,(anonymous_5)
FNDA:0,(anonymous_6)
FNDA:0,(anonymous_7)
FNDA:0,(anonymous_8)
FNDA:0,(anonymous_9)
FNDA:0,(anonymous_10)
FNDA:0,(anonymous_11)
FNDA:0,(anonymous_12)
FNDA:0,(anonymous_13)
FNDA:0,(anonymous_14)
DA:1,0
DA:3,0
DA:4,0
DA:10,0
DA:18,0
DA:27,0
DA:29,0
DA:32,0
DA:34,0
DA:36,0
DA:37,0
DA:39,0
DA:40,0
DA:42,0
DA:43,0
DA:45,0
DA:46,0
DA:48,0
DA:49,0
DA:51,0
DA:52,0
DA:55,0
DA:56,0
DA:59,0
DA:60,0
DA:69,0
DA:71,0
DA:73,0
DA:75,0
DA:76,0
DA:78,0
DA:79,0
DA:81,0
DA:82,0
DA:93,0
DA:95,0
DA:97,0
DA:99,0
DA:100,0
DA:102,0
DA:103,0
DA:105,0
DA:106,0
DA:117,0
DA:119,0
DA:121,0
DA:123,0
DA:124,0
DA:133,0
DA:135,0
DA:137,0
DA:139,0
DA:140,0
DA:142,0
DA:143,0
DA:145,0
DA:146,0
DA:157,0
DA:160,0
DA:163,0
DA:164,0
DA:167,0
DA:168,0
DA:170,0
DA:171,0
DA:172,0
DA:174,0
DA:175,0
DA:177,0
DA:178,0
DA:182,0
DA:183,0
DA:185,0
DA:186,0
DA:191,0
DA:193,0
DA:194,0
DA:196,0
DA:197,0
DA:208,0
DA:209,0
DA:210,0
DA:211,0
DA:215,0
DA:216,0
DA:219,0
DA:221,0
DA:222,0
DA:226,0
DA:228,0
DA:262,0
DA:264,0
DA:271,0
DA:272,0
DA:273,0
DA:274,0
DA:275,0
DA:276,0
DA:277,0
DA:278,0
DA:279,0
DA:280,0
LF:102
LH:0
BRDA:26,0,0,0
BRDA:32,1,0,0
BRDA:32,1,1,0
BRDA:34,2,0,0
BRDA:34,2,1,0
BRDA:34,2,2,0
BRDA:34,2,3,0
BRDA:34,2,4,0
BRDA:34,2,5,0
BRDA:34,2,6,0
BRDA:34,2,7,0
BRDA:75,3,0,0
BRDA:81,4,0,0
BRDA:99,5,0,0
BRDA:105,6,0,0
BRDA:139,7,0,0
BRDA:145,8,0,0
BRDA:174,9,0,0
BRDA:182,10,0,0
BRDA:193,11,0,0
BRDA:208,12,0,0
BRDA:221,13,0,0
BRF:22
BRH:0
end_of_record
TN:
SF:lib\migrations\index.ts
FNF:0
FNH:0
DA:1,0
DA:2,0
DA:3,0
DA:4,0
DA:8,0
LF:5
LH:0
BRF:0
BRH:0
end_of_record
TN:
SF:lib\migrations\migration-factory.ts
FN:12,createMigration
FN:31,createSqlMigration
FN:38,(anonymous_6)
FN:45,(anonymous_7)
FN:62,createFileMigration
FN:69,(anonymous_9)
FN:79,(anonymous_10)
FNF:7
FNH:7
FNDA:6,createMigration
FNDA:2,createSqlMigration
FNDA:2,(anonymous_6)
FNDA:2,(anonymous_7)
FNDA:1,createFileMigration
FNDA:1,(anonymous_9)
FNDA:1,(anonymous_10)
DA:12,6
DA:17,6
DA:31,2
DA:36,2
DA:39,2
DA:41,2
DA:42,1
DA:46,2
DA:48,2
DA:49,1
DA:62,1
DA:67,1
DA:70,1
DA:71,1
DA:73,1
DA:75,1
DA:76,0
DA:80,1
DA:81,1
DA:83,1
DA:85,1
DA:86,0
LF:22
LH:20
BRDA:41,0,0,1
BRDA:48,1,0,1
BRDA:75,2,0,0
BRDA:85,3,0,0
BRF:4
BRH:2
end_of_record
TN:
SF:lib\migrations\migration-manager.ts
FN:25,(anonymous_2)
FN:38,(anonymous_3)
FN:57,(anonymous_4)
FN:80,(anonymous_5)
FN:90,(anonymous_6)
FN:100,(anonymous_7)
FN:108,(anonymous_8)
FN:109,(anonymous_9)
FN:110,(anonymous_10)
FN:151,(anonymous_11)
FN:159,(anonymous_12)
FN:181,(anonymous_13)
FN:185,(anonymous_14)
FN:188,(anonymous_15)
FN:199,(anonymous_16)
FN:222,(anonymous_17)
FN:256,(anonymous_18)
FN:287,(anonymous_19)
FN:355,(anonymous_20)
FN:409,(anonymous_21)
FN:417,(anonymous_22)
FN:445,(anonymous_23)
FN:507,(anonymous_24)
FN:524,(anonymous_25)
FN:552,(anonymous_26)
FN:570,(anonymous_27)
FNF:26
FNH:14
FNDA:11,(anonymous_2)
FNDA:2,(anonymous_3)
FNDA:1,(anonymous_4)
FNDA:1,(anonymous_5)
FNDA:2,(anonymous_6)
FNDA:0,(anonymous_7)
FNDA:0,(anonymous_8)
FNDA:0,(anonymous_9)
FNDA:0,(anonymous_10)
FNDA:3,(anonymous_11)
FNDA:1,(anonymous_12)
FNDA:1,(anonymous_13)
FNDA:1,(anonymous_14)
FNDA:2,(anonymous_15)
FNDA:2,(anonymous_16)
FNDA:2,(anonymous_17)
FNDA:2,(anonymous_18)
FNDA:0,(anonymous_19)
FNDA:0,(anonymous_20)
FNDA:0,(anonymous_21)
FNDA:0,(anonymous_22)
FNDA:0,(anonymous_23)
FNDA:0,(anonymous_24)
FNDA:0,(anonymous_25)
FNDA:0,(anonymous_26)
FNDA:12,(anonymous_27)
DA:1,1
DA:2,1
DA:3,1
DA:11,1
DA:17,11
DA:19,11
DA:26,11
DA:39,2
DA:40,2
DA:43,2
DA:48,2
DA:50,1
DA:52,1
DA:57,1
DA:58,1
DA:60,1
DA:61,0
DA:65,1
DA:66,1
DA:67,0
DA:70,0
DA:71,0
DA:81,1
DA:82,1
DA:91,2
DA:92,2
DA:101,0
DA:102,0
DA:104,0
DA:107,0
DA:108,0
DA:109,0
DA:110,0
DA:113,0
DA:116,0
DA:117,0
DA:119,0
DA:121,0
DA:124,0
DA:125,0
DA:128,0
DA:129,0
DA:132,0
DA:135,0
DA:136,0
DA:140,0
DA:142,0
DA:143,0
DA:152,3
DA:160,1
DA:161,1
DA:166,1
DA:167,0
DA:170,1
DA:172,0
DA:173,0
DA:182,1
DA:184,1
DA:185,1
DA:188,2
DA:190,0
DA:191,0
DA:200,2
DA:201,2
DA:207,2
DA:208,0
DA:211,2
DA:213,0
DA:214,0
DA:223,2
DA:225,2
DA:228,2
DA:230,2
DA:231,0
DA:232,0
DA:240,2
DA:243,2
DA:246,2
DA:247,2
DA:248,2
DA:250,2
DA:251,3
DA:252,3
DA:255,3
DA:256,3
DA:258,2
DA:260,2
DA:262,2
DA:265,2
DA:273,2
DA:274,0
DA:278,2
DA:281,0
DA:282,0
DA:287,0
DA:289,0
DA:292,0
DA:300,0
DA:301,0
DA:306,2
DA:308,2
DA:313,2
DA:315,1
DA:318,1
DA:326,1
DA:332,1
DA:335,1
DA:339,2
DA:346,0
DA:347,0
DA:356,0
DA:358,0
DA:361,0
DA:363,0
DA:364,0
DA:365,0
DA:374,0
DA:381,0
DA:382,0
DA:385,0
DA:387,0
DA:388,0
DA:389,0
DA:397,0
DA:400,0
DA:401,0
DA:402,0
DA:404,0
DA:405,0
DA:406,0
DA:409,0
DA:411,0
DA:412,0
DA:416,0
DA:417,0
DA:419,0
DA:421,0
DA:423,0
DA:426,0
DA:431,0
DA:432,0
DA:436,0
DA:439,0
DA:440,0
DA:445,0
DA:447,0
DA:450,0
DA:455,0
DA:456,0
DA:461,0
DA:463,0
DA:468,0
DA:470,0
DA:473,0
DA:478,0
DA:484,0
DA:487,0
DA:491,0
DA:498,0
DA:499,0
DA:508,0
DA:510,0
DA:513,0
DA:519,0
DA:520,0
DA:524,0
DA:526,0
DA:527,0
DA:528,0
DA:531,0
DA:534,0
DA:536,0
DA:537,0
DA:538,0
DA:541,0
DA:543,0
DA:544,0
DA:553,0
DA:555,0
DA:558,0
DA:560,0
DA:561,0
DA:571,12
DA:572,0
LF:184
LH:65
BRDA:27,0,0,11
BRDA:27,0,1,11
BRDA:28,1,0,0
BRDA:28,1,1,11
BRDA:29,2,0,11
BRDA:29,2,1,0
BRDA:48,3,0,1
BRDA:48,3,1,1
BRDA:48,4,0,2
BRDA:48,4,1,1
BRDA:60,5,0,0
BRDA:66,6,0,0
BRDA:102,7,0,0
BRDA:102,7,1,0
BRDA:108,8,0,0
BRDA:108,8,1,0
BRDA:110,9,0,0
BRDA:110,9,1,0
BRDA:124,10,0,0
BRDA:124,10,1,0
BRDA:124,11,0,0
BRDA:124,11,1,0
BRDA:124,11,2,0
BRDA:128,12,0,0
BRDA:128,12,1,0
BRDA:128,13,0,0
BRDA:128,13,1,0
BRDA:166,14,0,0
BRDA:207,15,0,0
BRDA:211,16,0,1
BRDA:211,16,1,1
BRDA:230,17,0,0
BRDA:255,18,0,3
BRDA:255,18,1,0
BRDA:273,19,0,0
BRDA:300,20,0,0
BRDA:363,21,0,0
BRDA:381,22,0,0
BRDA:387,23,0,0
BRDA:411,24,0,0
BRDA:416,25,0,0
BRDA:416,25,1,0
BRDA:431,26,0,0
BRDA:455,27,0,0
BRDA:519,28,0,0
BRDA:526,29,0,0
BRDA:571,30,0,0
BRF:47
BRH:11
end_of_record
TN:
SF:lib\migrations\types.ts
FNF:0
FNH:0
DA:46,13
LF:1
LH:1
BRF:0
BRH:0
end_of_record
TN:
SF:repositories\consumption-record-repository.ts
FN:22,(anonymous_1)
FN:32,(anonymous_2)
FN:43,(anonymous_3)
FN:56,(anonymous_4)
FN:72,(anonymous_5)
FN:87,(anonymous_6)
FN:97,(anonymous_7)
FN:102,(anonymous_8)
FN:126,(anonymous_9)
FN:136,(anonymous_10)
FN:147,(anonymous_11)
FN:149,(anonymous_12)
FN:192,(anonymous_13)
FN:194,(anonymous_14)
FN:220,(anonymous_15)
FN:222,(anonymous_16)
FNF:16
FNH:0
FNDA:0,(anonymous_1)
FNDA:0,(anonymous_2)
FNDA:0,(anonymous_3)
FNDA:0,(anonymous_4)
FNDA:0,(anonymous_5)
FNDA:0,(anonymous_6)
FNDA:0,(anonymous_7)
FNDA:0,(anonymous_8)
FNDA:0,(anonymous_9)
FNDA:0,(anonymous_10)
FNDA:0,(anonymous_11)
FNDA:0,(anonymous_12)
FNDA:0,(anonymous_13)
FNDA:0,(anonymous_14)
FNDA:0,(anonymous_15)
FNDA:0,(anonymous_16)
DA:2,0
DA:3,0
DA:14,0
DA:15,0
DA:23,0
DA:24,0
DA:33,0
DA:34,0
DA:44,0
DA:48,0
DA:57,0
DA:59,0
DA:60,0
DA:63,0
DA:73,0
DA:75,0
DA:76,0
DA:79,0
DA:88,0
DA:89,0
DA:98,0
DA:99,0
DA:101,0
DA:102,0
DA:103,0
DA:107,0
DA:109,0
DA:110,0
DA:113,0
DA:115,0
DA:116,0
DA:127,0
DA:137,0
DA:148,0
DA:149,0
DA:150,0
DA:156,0
DA:157,0
DA:160,0
DA:161,0
DA:164,0
DA:165,0
DA:167,0
DA:170,0
DA:172,0
DA:173,0
DA:176,0
DA:179,0
DA:181,0
DA:182,0
DA:193,0
DA:194,0
DA:195,0
DA:200,0
DA:201,0
DA:204,0
DA:207,0
DA:209,0
DA:210,0
DA:221,0
DA:222,0
DA:223,0
DA:228,0
DA:229,0
DA:232,0
DA:235,0
DA:237,0
DA:238,0
LF:68
LH:0
BRDA:34,0,0,0
BRDA:34,0,1,0
BRDA:48,1,0,0
BRDA:48,1,1,0
BRDA:59,2,0,0
BRDA:75,3,0,0
BRDA:101,4,0,0
BRDA:109,5,0,0
BRDA:113,6,0,0
BRDA:113,6,1,0
BRDA:156,7,0,0
BRDA:160,8,0,0
BRDA:161,9,0,0
BRDA:161,9,1,0
BRDA:164,10,0,0
BRDA:164,10,1,0
BRDA:165,11,0,0
BRDA:165,11,1,0
BRDA:172,12,0,0
BRDA:200,13,0,0
BRDA:228,14,0,0
BRF:21
BRH:0
end_of_record
TN:
SF:repositories\inventory-item-repository.ts
FN:22,(anonymous_1)
FN:32,(anonymous_2)
FN:43,(anonymous_3)
FN:56,(anonymous_4)
FN:72,(anonymous_5)
FN:87,(anonymous_6)
FN:97,(anonymous_7)
FN:102,(anonymous_8)
FN:126,(anonymous_9)
FN:136,(anonymous_10)
FN:146,(anonymous_11)
FN:156,(anonymous_12)
FN:158,(anonymous_13)
FN:200,(anonymous_14)
FN:202,(anonymous_15)
FNF:15
FNH:0
FNDA:0,(anonymous_1)
FNDA:0,(anonymous_2)
FNDA:0,(anonymous_3)
FNDA:0,(anonymous_4)
FNDA:0,(anonymous_5)
FNDA:0,(anonymous_6)
FNDA:0,(anonymous_7)
FNDA:0,(anonymous_8)
FNDA:0,(anonymous_9)
FNDA:0,(anonymous_10)
FNDA:0,(anonymous_11)
FNDA:0,(anonymous_12)
FNDA:0,(anonymous_13)
FNDA:0,(anonymous_14)
FNDA:0,(anonymous_15)
DA:2,0
DA:3,0
DA:14,0
DA:15,0
DA:23,0
DA:24,0
DA:33,0
DA:34,0
DA:44,0
DA:48,0
DA:57,0
DA:59,0
DA:60,0
DA:63,0
DA:73,0
DA:75,0
DA:76,0
DA:79,0
DA:88,0
DA:89,0
DA:98,0
DA:99,0
DA:101,0
DA:102,0
DA:103,0
DA:107,0
DA:109,0
DA:110,0
DA:113,0
DA:115,0
DA:116,0
DA:127,0
DA:137,0
DA:147,0
DA:157,0
DA:158,0
DA:159,0
DA:165,0
DA:166,0
DA:169,0
DA:170,0
DA:173,0
DA:174,0
DA:176,0
DA:179,0
DA:181,0
DA:182,0
DA:185,0
DA:188,0
DA:190,0
DA:191,0
DA:201,0
DA:202,0
DA:203,0
DA:208,0
DA:209,0
DA:212,0
DA:213,0
DA:216,0
DA:217,0
DA:219,0
DA:222,0
DA:224,0
DA:225,0
DA:228,0
DA:231,0
DA:233,0
DA:234,0
LF:68
LH:0
BRDA:34,0,0,0
BRDA:34,0,1,0
BRDA:48,1,0,0
BRDA:48,1,1,0
BRDA:59,2,0,0
BRDA:75,3,0,0
BRDA:101,4,0,0
BRDA:109,5,0,0
BRDA:113,6,0,0
BRDA:113,6,1,0
BRDA:165,7,0,0
BRDA:169,8,0,0
BRDA:170,9,0,0
BRDA:170,9,1,0
BRDA:173,10,0,0
BRDA:173,10,1,0
BRDA:174,11,0,0
BRDA:174,11,1,0
BRDA:181,12,0,0
BRDA:208,13,0,0
BRDA:212,14,0,0
BRDA:213,15,0,0
BRDA:213,15,1,0
BRDA:216,16,0,0
BRDA:216,16,1,0
BRDA:217,17,0,0
BRDA:217,17,1,0
BRDA:224,18,0,0
BRF:28
BRH:0
end_of_record
TN:
SF:repositories\location-repository.ts
FN:22,(anonymous_1)
FN:32,(anonymous_2)
FN:43,(anonymous_3)
FN:56,(anonymous_4)
FN:72,(anonymous_5)
FN:87,(anonymous_6)
FN:97,(anonymous_7)
FN:102,(anonymous_8)
FN:125,(anonymous_9)
FN:135,(anonymous_10)
FN:144,(anonymous_11)
FN:146,(anonymous_12)
FN:186,(anonymous_13)
FNF:13
FNH:0
FNDA:0,(anonymous_1)
FNDA:0,(anonymous_2)
FNDA:0,(anonymous_3)
FNDA:0,(anonymous_4)
FNDA:0,(anonymous_5)
FNDA:0,(anonymous_6)
FNDA:0,(anonymous_7)
FNDA:0,(anonymous_8)
FNDA:0,(anonymous_9)
FNDA:0,(anonymous_10)
FNDA:0,(anonymous_11)
FNDA:0,(anonymous_12)
FNDA:0,(anonymous_13)
DA:2,0
DA:3,0
DA:14,0
DA:15,0
DA:23,0
DA:24,0
DA:33,0
DA:34,0
DA:44,0
DA:48,0
DA:57,0
DA:59,0
DA:60,0
DA:63,0
DA:73,0
DA:75,0
DA:76,0
DA:79,0
DA:88,0
DA:89,0
DA:98,0
DA:99,0
DA:101,0
DA:102,0
DA:103,0
DA:107,0
DA:109,0
DA:110,0
DA:113,0
DA:115,0
DA:116,0
DA:126,0
DA:136,0
DA:145,0
DA:146,0
DA:147,0
DA:152,0
DA:153,0
DA:156,0
DA:157,0
DA:160,0
DA:161,0
DA:163,0
DA:166,0
DA:168,0
DA:169,0
DA:172,0
DA:175,0
DA:177,0
DA:178,0
DA:187,0
DA:189,0
DA:194,0
DA:195,0
DA:198,0
DA:199,0
DA:207,0
DA:211,0
DA:212,0
DA:214,0
DA:215,0
DA:218,0
DA:220,0
DA:222,0
DA:223,0
DA:226,0
DA:230,0
DA:234,0
DA:236,0
DA:237,0
LF:70
LH:0
BRDA:34,0,0,0
BRDA:34,0,1,0
BRDA:48,1,0,0
BRDA:48,1,1,0
BRDA:59,2,0,0
BRDA:75,3,0,0
BRDA:101,4,0,0
BRDA:109,5,0,0
BRDA:113,6,0,0
BRDA:113,6,1,0
BRDA:152,7,0,0
BRDA:156,8,0,0
BRDA:157,9,0,0
BRDA:157,9,1,0
BRDA:160,10,0,0
BRDA:160,10,1,0
BRDA:161,11,0,0
BRDA:161,11,1,0
BRDA:168,12,0,0
BRDA:214,13,0,0
BRDA:218,14,0,0
BRDA:218,14,1,0
BRDA:222,15,0,0
BRDA:222,15,1,0
BRF:24
BRH:0
end_of_record
TN:
SF:repositories\repository-factory.ts
FN:20,(anonymous_1)
FN:32,(anonymous_2)
FN:44,(anonymous_3)
FN:56,(anonymous_4)
FNF:4
FNH:0
FNDA:0,(anonymous_1)
FNDA:0,(anonymous_2)
FNDA:0,(anonymous_3)
FNDA:0,(anonymous_4)
DA:1,0
DA:2,0
DA:3,0
DA:4,0
DA:10,0
DA:21,0
DA:22,0
DA:25,0
DA:33,0
DA:34,0
DA:37,0
DA:45,0
DA:46,0
DA:49,0
DA:57,0
DA:58,0
DA:61,0
LF:17
LH:0
BRDA:21,0,0,0
BRDA:33,1,0,0
BRDA:45,2,0,0
BRDA:57,3,0,0
BRF:4
BRH:0
end_of_record
TN:
SF:repositories\user-repository.ts
FN:24,(anonymous_2)
FN:34,(anonymous_3)
FN:45,(anonymous_4)
FN:58,(anonymous_5)
FN:79,(anonymous_6)
FN:99,(anonymous_7)
FN:109,(anonymous_8)
FN:114,(anonymous_9)
FN:137,(anonymous_10)
FN:139,(anonymous_11)
FN:170,(anonymous_12)
FN:179,(anonymous_13)
FN:189,(anonymous_14)
FN:220,(anonymous_15)
FN:254,(anonymous_16)
FN:256,(anonymous_17)
FNF:16
FNH:0
FNDA:0,(anonymous_2)
FNDA:0,(anonymous_3)
FNDA:0,(anonymous_4)
FNDA:0,(anonymous_5)
FNDA:0,(anonymous_6)
FNDA:0,(anonymous_7)
FNDA:0,(anonymous_8)
FNDA:0,(anonymous_9)
FNDA:0,(anonymous_10)
FNDA:0,(anonymous_11)
FNDA:0,(anonymous_12)
FNDA:0,(anonymous_13)
FNDA:0,(anonymous_14)
FNDA:0,(anonymous_15)
FNDA:0,(anonymous_16)
FNDA:0,(anonymous_17)
DA:2,0
DA:3,0
DA:5,0
DA:15,0
DA:16,0
DA:17,0
DA:25,0
DA:26,0
DA:35,0
DA:36,0
DA:46,0
DA:50,0
DA:60,0
DA:61,0
DA:64,0
DA:66,0
DA:67,0
DA:70,0
DA:81,0
DA:82,0
DA:85,0
DA:87,0
DA:88,0
DA:91,0
DA:100,0
DA:101,0
DA:110,0
DA:111,0
DA:113,0
DA:114,0
DA:115,0
DA:119,0
DA:121,0
DA:122,0
DA:125,0
DA:127,0
DA:128,0
DA:138,0
DA:139,0
DA:140,0
DA:146,0
DA:147,0
DA:149,0
DA:151,0
DA:154,0
DA:157,0
DA:159,0
DA:160,0
DA:171,0
DA:180,0
DA:190,0
DA:191,0
DA:193,0
DA:194,0
DA:197,0
DA:199,0
DA:200,0
DA:204,0
DA:208,0
DA:210,0
DA:211,0
DA:221,0
DA:222,0
DA:224,0
DA:225,0
DA:229,0
DA:232,0
DA:233,0
DA:236,0
DA:241,0
DA:243,0
DA:244,0
DA:255,0
DA:256,0
DA:258,0
DA:265,0
DA:266,0
DA:269,0
DA:272,0
DA:275,0
DA:281,0
DA:284,0
DA:286,0
DA:287,0
LF:84
LH:0
BRDA:36,0,0,0
BRDA:36,0,1,0
BRDA:50,1,0,0
BRDA:50,1,1,0
BRDA:60,2,0,0
BRDA:66,3,0,0
BRDA:81,4,0,0
BRDA:87,5,0,0
BRDA:113,6,0,0
BRDA:121,7,0,0
BRDA:125,8,0,0
BRDA:125,8,1,0
BRDA:146,9,0,0
BRDA:147,10,0,0
BRDA:193,11,0,0
BRDA:199,12,0,0
BRDA:224,13,0,0
BRDA:265,14,0,0
BRDA:265,15,0,0
BRDA:265,15,1,0
BRF:20
BRH:0
end_of_record
TN:
SF:scripts\execute-migrations.ts
FN:9,executeMigrations
FN:17,(anonymous_2)
FN:31,(anonymous_3)
FNF:3
FNH:0
FNDA:0,executeMigrations
FNDA:0,(anonymous_2)
FNDA:0,(anonymous_3)
DA:1,0
DA:2,0
DA:3,0
DA:4,0
DA:10,0
DA:12,0
DA:15,0
DA:16,0
DA:17,0
DA:20,0
DA:23,0
DA:24,0
DA:27,0
DA:28,0
DA:31,0
DA:34,0
DA:35,0
DA:37,0
DA:38,0
DA:41,0
DA:43,0
DA:45,0
DA:47,0
DA:48,0
DA:49,0
DA:53,0
DA:54,0
DA:57,0
DA:66,0
DA:68,0
DA:69,0
DA:70,0
DA:74,0
DA:76,0
DA:77,0
DA:78,0
DA:81,0
DA:86,0
DA:89,0
DA:91,0
DA:92,0
DA:97,0
LF:42
LH:0
BRDA:37,0,0,0
BRDA:47,1,0,0
BRDA:53,2,0,0
BRDA:53,2,1,0
BRDA:53,3,0,0
BRDA:53,3,1,0
BRDA:68,4,0,0
BRDA:76,5,0,0
BRF:8
BRH:0
end_of_record
TN:
SF:scripts\migrate.ts
FN:11,(anonymous_0)
FNF:1
FNH:0
FNDA:0,(anonymous_0)
DA:1,0
DA:2,0
DA:5,0
DA:8,0
DA:11,0
DA:12,0
DA:13,0
LF:7
LH:0
BRF:0
BRH:0
end_of_record
TN:
SF:types\user.ts
FNF:0
FNH:0
DA:68,0
DA:97,0
LF:2
LH:0
BRF:0
BRH:0
end_of_record
